<?xml version="1.0" encoding="UTF-8"?>
<testsuite xmlns:xsi="http://www.w3.org/2001/XMLSchema-instance" xsi:noNamespaceSchemaLocation="https://maven.apache.org/surefire/maven-surefire-plugin/xsd/surefire-test-report.xsd" name="TestSuite" time="11.207" tests="1" errors="0" skipped="0" failures="1">
  <properties>
[...]
</properties>
  <testcase name="f" classname="git22.jenkins" time="8.765">
    <failure message="no such element: Unable to locate element: {&quot;method&quot;:&quot;css selector&quot;,&quot;selector&quot;:&quot;#su1&quot;}&#10;  (Session info: chrome=81.0.4044.138)&#10;For documentation on this error, please visit: http://seleniumhq.org/exceptions/no_such_element.html&#10;Build info: version: &apos;3.5.1&apos;, revision: &apos;9c21bb67ef&apos;, time: &apos;2017-08-17T15:26:08.955Z&apos;&#10;System info: host: &apos;DESKTOP-5I89EPI&apos;, ip: &apos;192.168.159.1&apos;, os.name: &apos;Windows 8.1&apos;, os.arch: &apos;amd64&apos;, os.version: &apos;6.3&apos;, java.version: &apos;1.8.0&apos;&#10;Driver info: org.openqa.selenium.chrome.ChromeDriver&#10;Capabilities [{networkConnectionEnabled=false, chrome={chromedriverVersion=80.0.3987.106 (f68069574609230cf9b635cd784cfb1bf81bb53a-refs/branch-heads/3987@{#882}), userDataDir=C:\Users\wqh\AppData\Local\Temp\scoped_dir28724_1205237214}, timeouts={implicit=0.0, pageLoad=300000.0, script=30000.0}, pageLoadStrategy=normal, unhandledPromptBehavior=dismiss and notify, strictFileInteractability=false, platform=ANY, proxy=Proxy(), goog:chromeOptions={debuggerAddress=localhost:60821}, acceptInsecureCerts=false, browserVersion=81.0.4044.138, browserName=chrome, javascriptEnabled=true, platformName=windows, setWindowRect=true}]&#10;Session ID: 1e9b191495493845f8fa346b4db110b6&#10;*** Element info: {Using=id, value=su1}" type="java.lang.AssertionError">java.lang.AssertionError: 
no such element: Unable to locate element: {"method":"css selector","selector":"#su1"}
  (Session info: chrome=81.0.4044.138)
For documentation on this error, please visit: http://seleniumhq.org/exceptions/no_such_element.html
Build info: version: '3.5.1', revision: '9c21bb67ef', time: '2017-08-17T15:26:08.955Z'
System info: host: 'DESKTOP-5I89EPI', ip: '192.168.159.1', os.name: 'Windows 8.1', os.arch: 'amd64', os.version: '6.3', java.version: '1.8.0'
Driver info: org.openqa.selenium.chrome.ChromeDriver
Capabilities [{networkConnectionEnabled=false, chrome={chromedriverVersion=80.0.3987.106 (f68069574609230cf9b635cd784cfb1bf81bb53a-refs/branch-heads/3987@{#882}), userDataDir=C:\Users\wqh\AppData\Local\Temp\scoped_dir28724_1205237214}, timeouts={implicit=0.0, pageLoad=300000.0, script=30000.0}, pageLoadStrategy=normal, unhandledPromptBehavior=dismiss and notify, strictFileInteractability=false, platform=ANY, proxy=Proxy(), goog:chromeOptions={debuggerAddress=localhost:60821}, acceptInsecureCerts=false, browserVersion=81.0.4044.138, browserName=chrome, javascriptEnabled=true, platformName=windows, setWindowRect=true}]
Session ID: 1e9b191495493845f8fa346b4db110b6
*** Element info: {Using=id, value=su1}
	at git22.jenkins.f(jenkins.java:55)
</failure>
    <system-out><![CDATA[20200516_095835
<a href=D:\wqh\eclipse\git22\file\test20200516_095835.png  target=_blank>失败截图</a>
<img src=D:\wqh\eclipse\git22\file\test20200516_095835.png  style=width:30px;height:30px img/>
]]></system-out>
    <system-err><![CDATA[SLF4J: Failed to load class "org.slf4j.impl.StaticLoggerBinder".
SLF4J: Defaulting to no-operation (NOP) logger implementation
SLF4J: See http://www.slf4j.org/codes.html#StaticLoggerBinder for further details.
Starting ChromeDriver 80.0.3987.106 (f68069574609230cf9b635cd784cfb1bf81bb53a-refs/branch-heads/3987@{#882}) on port 44372
Only local connections are allowed.
Please protect ports used by ChromeDriver and related test frameworks to prevent access by malicious code.
[1589594318.708][WARNING]: This version of ChromeDriver has not been tested with Chrome version 81.
五月 16, 2020 9:58:40 上午 org.openqa.selenium.remote.ProtocolHandshake createSession
信息: Detected dialect: W3C
[1589594321.355][SEVERE]: Timed out receiving message from renderer: 0.100
[1589594321.776][SEVERE]: Timed out receiving message from renderer: 0.100
[1589594321.879][SEVERE]: Timed out receiving message from renderer: 0.100
]]></system-err>
  </testcase>
</testsuite>