<?xml version="1.0" encoding="UTF-8"?>
<testng-results skipped="0" failed="0" ignored="0" total="1" passed="1">
  <reporter-output>
  </reporter-output>
  <suite name="Default suite" duration-ms="8929" started-at="2020-05-15T08:13:34Z" finished-at="2020-05-15T08:13:43Z">
    <groups>
    </groups>
    <test name="Default test" duration-ms="8929" started-at="2020-05-15T08:13:34Z" finished-at="2020-05-15T08:13:43Z">
      <class name="git22.jenkins">
        <test-method status="PASS" signature="f()[pri:0, instance:git22.jenkins@4923ab24]" name="f" duration-ms="8887" started-at="2020-05-15T08:13:34Z" finished-at="2020-05-15T08:13:43Z">
          <reporter-output>
          </reporter-output>
        </test-method> <!-- f -->
      </class> <!-- git22.jenkins -->
    </test> <!-- Default test -->
  </suite> <!-- Default suite -->
</testng-results>
